# JRE version: 7.0_11-b21
# Java VM: Java HotSpot(TM) 64-Bit Server VM (23.6-b04 mixed mode windows-amd64 compressed oops)
Heap
 PSYoungGen      total 43072K, used 23935K [0x00000000fa000000, 0x00000000fe320000, 0x0000000100000000)
  eden space 42944K, 55% used [0x00000000fa000000,0x00000000fb73ffa8,0x00000000fc9f0000)
  from space 128K, 100% used [0x00000000fe2d0000,0x00000000fe2f0000,0x00000000fe2f0000)
  to   space 192K, 0% used [0x00000000fe2f0000,0x00000000fe2f0000,0x00000000fe320000)
 ParOldGen       total 294912K, used 107499K [0x00000000e8000000, 0x00000000fa000000, 0x00000000fa000000)
  object space 294912K, 36% used [0x00000000e8000000,0x00000000ee8faf68,0x00000000fa000000)
 PSPermGen       total 118144K, used 77194K [0x00000000e0000000, 0x00000000e7360000, 0x00000000e8000000)
  object space 118144K, 65% used [0x00000000e0000000,0x00000000e4b62b10,0x00000000e7360000)
GC Heap History (10 events):
Event: 77444.712 GC heap before
{Heap before GC invocations=1995 (full 8):
 PSYoungGen      total 45120K, used 45088K [0x00000000fa000000, 0x00000000fe360000, 0x0000000100000000)
  eden space 44992K, 100% used [0x00000000fa000000,0x00000000fcbf0000,0x00000000fcbf0000)
  from space 128K, 75% used [0x00000000fe340000,0x00000000fe358000,0x00000000fe360000)
  to   space 192K, 0% used [0x00000000fe300000,0x00000000fe300000,0x00000000fe330000)
 ParOldGen       total 294912K, used 107499K [0x00000000e8000000, 0x00000000fa000000, 0x00000000fa000000)
  object space 294912K, 36% used [0x00000000e8000000,0x00000000ee8faf68,0x00000000fa000000)
 PSPermGen       total 118144K, used 77194K [0x00000000e0000000, 0x00000000e7360000, 0x00000000e8000000)
  object space 118144K, 65% used [0x00000000e0000000,0x00000000e4b62b10,0x00000000e7360000)
Event: 77444.715 GC heap after
Heap after GC invocations=1995 (full 8):
 PSYoungGen      total 44736K, used 192K [0x00000000fa000000, 0x00000000fe350000, 0x0000000100000000)
  eden space 44544K, 0% used [0x00000000fa000000,0x00000000fa000000,0x00000000fcb80000)
  from space 192K, 100% used [0x00000000fe300000,0x00000000fe330000,0x00000000fe330000)
  to   space 128K, 0% used [0x00000000fe330000,0x00000000fe330000,0x00000000fe350000)
 ParOldGen       total 294912K, used 107499K [0x00000000e8000000, 0x00000000fa000000, 0x00000000fa000000)
  object space 294912K, 36% used [0x00000000e8000000,0x00000000ee8faf68,0x00000000fa000000)
 PSPermGen       total 118144K, used 77194K [0x00000000e0000000, 0x00000000e7360000, 0x00000000e8000000)
  object space 118144K, 65% used [0x00000000e0000000,0x00000000e4b62b10,0x00000000e7360000)
}
Event: 77549.708 GC heap before
{Heap before GC invocations=1996 (full 8):
 PSYoungGen      total 44736K, used 44736K [0x00000000fa000000, 0x00000000fe350000, 0x0000000100000000)
  eden space 44544K, 100% used [0x00000000fa000000,0x00000000fcb80000,0x00000000fcb80000)
  from space 192K, 100% used [0x00000000fe300000,0x00000000fe330000,0x00000000fe330000)
  to   space 128K, 0% used [0x00000000fe330000,0x00000000fe330000,0x00000000fe350000)
 ParOldGen       total 294912K, used 107499K [0x00000000e8000000, 0x00000000fa000000, 0x00000000fa000000)
  object space 294912K, 36% used [0x00000000e8000000,0x00000000ee8faf68,0x00000000fa000000)
 PSPermGen       total 118144K, used 77194K [0x00000000e0000000, 0x00000000e7360000, 0x00000000e8000000)
  object space 118144K, 65% used [0x00000000e0000000,0x00000000e4b62b10,0x00000000e7360000)
Event: 77549.713 GC heap after
Heap after GC invocations=1996 (full 8):
 PSYoungGen      total 44224K, used 128K [0x00000000fa000000, 0x00000000fe350000, 0x0000000100000000)
  eden space 44096K, 0% used [0x00000000fa000000,0x00000000fa000000,0x00000000fcb10000)
  from space 128K, 100% used [0x00000000fe330000,0x00000000fe350000,0x00000000fe350000)
  to   space 192K, 0% used [0x00000000fe2f0000,0x00000000fe2f0000,0x00000000fe320000)
 ParOldGen       total 294912K, used 107499K [0x00000000e8000000, 0x00000000fa000000, 0x00000000fa000000)
  object space 294912K, 36% used [0x00000000e8000000,0x00000000ee8faf68,0x00000000fa000000)
 PSPermGen       total 118144K, used 77194K [0x00000000e0000000, 0x00000000e7360000, 0x00000000e8000000)
  object space 118144K, 65% used [0x00000000e0000000,0x00000000e4b62b10,0x00000000e7360000)
}
Event: 77654.669 GC heap before
{Heap before GC invocations=1997 (full 8):
 PSYoungGen      total 44224K, used 44224K [0x00000000fa000000, 0x00000000fe350000, 0x0000000100000000)
  eden space 44096K, 100% used [0x00000000fa000000,0x00000000fcb10000,0x00000000fcb10000)
  from space 128K, 100% used [0x00000000fe330000,0x00000000fe350000,0x00000000fe350000)
  to   space 192K, 0% used [0x00000000fe2f0000,0x00000000fe2f0000,0x00000000fe320000)
 ParOldGen       total 294912K, used 107499K [0x00000000e8000000, 0x00000000fa000000, 0x00000000fa000000)
  object space 294912K, 36% used [0x00000000e8000000,0x00000000ee8faf68,0x00000000fa000000)
 PSPermGen       total 118144K, used 77194K [0x00000000e0000000, 0x00000000e7360000, 0x00000000e8000000)
  object space 118144K, 65% used [0x00000000e0000000,0x00000000e4b62b10,0x00000000e7360000)
Event: 77654.672 GC heap after
Heap after GC invocations=1997 (full 8):
 PSYoungGen      total 43840K, used 128K [0x00000000fa000000, 0x00000000fe340000, 0x0000000100000000)
  eden space 43712K, 0% used [0x00000000fa000000,0x00000000fa000000,0x00000000fcab0000)
  from space 128K, 100% used [0x00000000fe2f0000,0x00000000fe310000,0x00000000fe310000)
  to   space 192K, 0% used [0x00000000fe310000,0x00000000fe310000,0x00000000fe340000)
 ParOldGen       total 294912K, used 107499K [0x00000000e8000000, 0x00000000fa000000, 0x00000000fa000000)
  object space 294912K, 36% used [0x00000000e8000000,0x00000000ee8faf68,0x00000000fa000000)
 PSPermGen       total 118144K, used 77194K [0x00000000e0000000, 0x00000000e7360000, 0x00000000e8000000)
  object space 118144K, 65% used [0x00000000e0000000,0x00000000e4b62b10,0x00000000e7360000)
}
Event: 77757.736 GC heap before
{Heap before GC invocations=1998 (full 8):
 PSYoungGen      total 43840K, used 43840K [0x00000000fa000000, 0x00000000fe340000, 0x0000000100000000)
  eden space 43712K, 100% used [0x00000000fa000000,0x00000000fcab0000,0x00000000fcab0000)
  from space 128K, 100% used [0x00000000fe2f0000,0x00000000fe310000,0x00000000fe310000)
  to   space 192K, 0% used [0x00000000fe310000,0x00000000fe310000,0x00000000fe340000)
 ParOldGen       total 294912K, used 107499K [0x00000000e8000000, 0x00000000fa000000, 0x00000000fa000000)
  object space 294912K, 36% used [0x00000000e8000000,0x00000000ee8faf68,0x00000000fa000000)
 PSPermGen       total 118144K, used 77194K [0x00000000e0000000, 0x00000000e7360000, 0x00000000e8000000)
  object space 118144K, 65% used [0x00000000e0000000,0x00000000e4b62b10,0x00000000e7360000)
Event: 77757.741 GC heap after
Heap after GC invocations=1998 (full 8):
 PSYoungGen      total 43456K, used 96K [0x00000000fa000000, 0x00000000fe330000, 0x0000000100000000)
  eden space 43328K, 0% used [0x00000000fa000000,0x00000000fa000000,0x00000000fca50000)
  from space 128K, 75% used [0x00000000fe310000,0x00000000fe328000,0x00000000fe330000)
  to   space 192K, 0% used [0x00000000fe2d0000,0x00000000fe2d0000,0x00000000fe300000)
 ParOldGen       total 294912K, used 107499K [0x00000000e8000000, 0x00000000fa000000, 0x00000000fa000000)
  object space 294912K, 36% used [0x00000000e8000000,0x00000000ee8faf68,0x00000000fa000000)
 PSPermGen       total 118144K, used 77194K [0x00000000e0000000, 0x00000000e7360000, 0x00000000e8000000)
  object space 118144K, 65% used [0x00000000e0000000,0x00000000e4b62b10,0x00000000e7360000)
}
Event: 77860.513 GC heap before
{Heap before GC invocations=1999 (full 8):
 PSYoungGen      total 43456K, used 43424K [0x00000000fa000000, 0x00000000fe330000, 0x0000000100000000)
  eden space 43328K, 100% used [0x00000000fa000000,0x00000000fca50000,0x00000000fca50000)
  from space 128K, 75% used [0x00000000fe310000,0x00000000fe328000,0x00000000fe330000)
  to   space 192K, 0% used [0x00000000fe2d0000,0x00000000fe2d0000,0x00000000fe300000)
 ParOldGen       total 294912K, used 107499K [0x00000000e8000000, 0x00000000fa000000, 0x00000000fa000000)
  object space 294912K, 36% used [0x00000000e8000000,0x00000000ee8faf68,0x00000000fa000000)
 PSPermGen       total 118144K, used 77194K [0x00000000e0000000, 0x00000000e7360000, 0x00000000e8000000)
  object space 118144K, 65% used [0x00000000e0000000,0x00000000e4b62b10,0x00000000e7360000)
Event: 77860.518 GC heap after
Heap after GC invocations=1999 (full 8):
 PSYoungGen      total 43072K, used 128K [0x00000000fa000000, 0x00000000fe320000, 0x0000000100000000)
  eden space 42944K, 0% used [0x00000000fa000000,0x00000000fa000000,0x00000000fc9f0000)
  from space 128K, 100% used [0x00000000fe2d0000,0x00000000fe2f0000,0x00000000fe2f0000)
  to   space 192K, 0% used [0x00000000fe2f0000,0x00000000fe2f0000,0x00000000fe320000)
 ParOldGen       total 294912K, used 107499K [0x00000000e8000000, 0x00000000fa000000, 0x00000000fa000000)
  object space 294912K, 36% used [0x00000000e8000000,0x00000000ee8faf68,0x00000000fa000000)
 PSPermGen       total 118144K, used 77194K [0x00000000e0000000, 0x00000000e7360000, 0x00000000e8000000)
  object space 118144K, 65% used [0x00000000e0000000,0x00000000e4b62b10,0x00000000e7360000)
}

